<?xml version="1.0" encoding="UTF-8"?>
<!-- Generated by org.testng.reporters.JUnitReportReporter -->
<testsuite skipped="1" hostname="admin-PC" name="script.Logins" tests="1" failures="0" timestamp="21 Aug 2019 05:56:12 GMT" time="0.000" errors="0">
  <testcase name="testInavlidLogin" time="0.000" classname="script.Logins">
    <skipped/>
  </testcase> <!-- testInavlidLogin -->
</testsuite> <!-- script.Logins -->
